2016-10-07 11:47:54,268 [main] INFO  org.eclipse.jetty.util.log - Logging initialized @414829ms
2016-10-07 11:47:54,358 [main] INFO  org.eclipse.jetty.server.Server - jetty-9.3.9.v20160517
2016-10-07 11:47:54,406 [main] INFO  o.e.j.server.handler.ContextHandler - Started o.e.j.s.ServletContextHandler@2a3e95ed{/wse,null,AVAILABLE}
2016-10-07 11:47:54,422 [main] INFO  o.e.jetty.server.AbstractConnector - Started ServerConnector@6d1f1ebe{HTTP/1.1,[http/1.1]}{0.0.0.0:1269}
2016-10-07 11:47:54,423 [main] INFO  org.eclipse.jetty.server.Server - Started @414986ms
2016-10-07 11:48:42,955 [qtp293280822-214] WARN  o.e.jetty.servlet.ServletHandler - 
org.apache.jasper.JasperException: java.lang.NullPointerException
	at org.apache.jasper.servlet.JspServletWrapper.service(JspServletWrapper.java:432) ~[na:na]
	at org.apache.jasper.servlet.JspServlet.serviceJspFile(JspServlet.java:492) ~[na:na]
	at org.apache.jasper.servlet.JspServlet.service(JspServlet.java:378) ~[na:na]
	at javax.servlet.http.HttpServlet.service(HttpServlet.java:790) ~[javax.servlet_3.1.0.v201410161800.jar:3.1.0]
	at org.eclipse.equinox.jsp.jasper.JspServlet.service(JspServlet.java:155) ~[na:na]
	at javax.servlet.http.HttpServlet.service(HttpServlet.java:790) ~[javax.servlet_3.1.0.v201410161800.jar:3.1.0]
	at org.eclipse.equinox.http.registry.internal.ServletManager$ServletWrapper.service(ServletManager.java:180) ~[na:na]
	at org.eclipse.equinox.http.servlet.internal.HttpServiceRuntimeImpl$LegacyServlet.service(HttpServiceRuntimeImpl.java:1221) ~[na:na]
	at org.eclipse.equinox.http.servlet.internal.registration.EndpointRegistration.service(EndpointRegistration.java:153) ~[na:na]
	at org.eclipse.equinox.http.servlet.internal.servlet.ResponseStateHandler.processRequest(ResponseStateHandler.java:62) ~[na:na]
	at org.eclipse.equinox.http.servlet.internal.context.DispatchTargets.doDispatch(DispatchTargets.java:132) ~[na:na]
	at org.eclipse.equinox.http.servlet.internal.servlet.ProxyServlet.service(ProxyServlet.java:100) ~[na:na]
	at javax.servlet.http.HttpServlet.service(HttpServlet.java:790) ~[javax.servlet_3.1.0.v201410161800.jar:3.1.0]
	at org.eclipse.equinox.http.jetty.internal.HttpServerManager$InternalHttpServiceServlet.service(HttpServerManager.java:310) ~[org.eclipse.equinox.http.jetty_3.3.0.v20160324-1850.jar:na]
	at org.eclipse.jetty.servlet.ServletHolder.handle(ServletHolder.java:845) ~[org.eclipse.jetty.servlet_9.3.9.v20160517.jar:9.3.9.v20160517]
	at org.eclipse.jetty.servlet.ServletHandler.doHandle(ServletHandler.java:583) [org.eclipse.jetty.servlet_9.3.9.v20160517.jar:9.3.9.v20160517]
	at org.eclipse.jetty.server.session.SessionHandler.doHandle(SessionHandler.java:224) [org.eclipse.jetty.server_9.3.9.v20160517.jar:9.3.9.v20160517]
	at org.eclipse.jetty.server.handler.ContextHandler.doHandle(ContextHandler.java:1174) [org.eclipse.jetty.server_9.3.9.v20160517.jar:9.3.9.v20160517]
	at org.eclipse.jetty.servlet.ServletHandler.doScope(ServletHandler.java:511) [org.eclipse.jetty.servlet_9.3.9.v20160517.jar:9.3.9.v20160517]
	at org.eclipse.jetty.server.session.SessionHandler.doScope(SessionHandler.java:185) [org.eclipse.jetty.server_9.3.9.v20160517.jar:9.3.9.v20160517]
	at org.eclipse.jetty.server.handler.ContextHandler.doScope(ContextHandler.java:1106) [org.eclipse.jetty.server_9.3.9.v20160517.jar:9.3.9.v20160517]
	at org.eclipse.jetty.server.handler.ScopedHandler.handle(ScopedHandler.java:141) [org.eclipse.jetty.server_9.3.9.v20160517.jar:9.3.9.v20160517]
	at org.eclipse.jetty.server.handler.HandlerWrapper.handle(HandlerWrapper.java:134) [org.eclipse.jetty.server_9.3.9.v20160517.jar:9.3.9.v20160517]
	at org.eclipse.jetty.server.Server.handle(Server.java:524) [org.eclipse.jetty.server_9.3.9.v20160517.jar:9.3.9.v20160517]
	at org.eclipse.jetty.server.HttpChannel.handle(HttpChannel.java:319) [org.eclipse.jetty.server_9.3.9.v20160517.jar:9.3.9.v20160517]
	at org.eclipse.jetty.server.HttpConnection.onFillable(HttpConnection.java:253) [org.eclipse.jetty.server_9.3.9.v20160517.jar:9.3.9.v20160517]
	at org.eclipse.jetty.io.AbstractConnection$ReadCallback.succeeded(AbstractConnection.java:273) [org.eclipse.jetty.io_9.3.9.v20160517.jar:9.3.9.v20160517]
	at org.eclipse.jetty.io.FillInterest.fillable(FillInterest.java:95) [org.eclipse.jetty.io_9.3.9.v20160517.jar:9.3.9.v20160517]
	at org.eclipse.jetty.io.SelectChannelEndPoint$2.run(SelectChannelEndPoint.java:93) [org.eclipse.jetty.io_9.3.9.v20160517.jar:9.3.9.v20160517]
	at org.eclipse.jetty.util.thread.strategy.ExecuteProduceConsume.executeProduceConsume(ExecuteProduceConsume.java:303) [org.eclipse.jetty.util_9.3.9.v20160517.jar:9.3.9.v20160517]
	at org.eclipse.jetty.util.thread.strategy.ExecuteProduceConsume.produceConsume(ExecuteProduceConsume.java:148) [org.eclipse.jetty.util_9.3.9.v20160517.jar:9.3.9.v20160517]
	at org.eclipse.jetty.util.thread.strategy.ExecuteProduceConsume.run(ExecuteProduceConsume.java:136) [org.eclipse.jetty.util_9.3.9.v20160517.jar:9.3.9.v20160517]
	at org.eclipse.jetty.util.thread.QueuedThreadPool.runJob(QueuedThreadPool.java:671) [org.eclipse.jetty.util_9.3.9.v20160517.jar:9.3.9.v20160517]
	at org.eclipse.jetty.util.thread.QueuedThreadPool$2.run(QueuedThreadPool.java:589) [org.eclipse.jetty.util_9.3.9.v20160517.jar:9.3.9.v20160517]
	at java.lang.Thread.run(Unknown Source) [na:1.8.0_101]
Caused by: java.lang.NullPointerException: null
	at java.util.ArrayList.addAll(Unknown Source) ~[na:1.8.0_101]
	at org.eclipse.jst.ws.internal.cxf.consumption.core.locator.CXFWebServiceLocator.getWebServices(CXFWebServiceLocator.java:50) ~[na:na]
	at org.eclipse.jst.ws.internal.cxf.consumption.core.locator.CXFWebServiceLocator.getWebServices(CXFWebServiceLocator.java:41) ~[na:na]
	at org.eclipse.wst.ws.internal.wsfinder.WebServiceFinder.getWebServicesByCategoryId(WebServiceFinder.java:178) ~[na:na]
	at org.eclipse.wst.ws.internal.wsfinder.WebServiceFinder.getWebServicesByCategoryId(WebServiceFinder.java:146) ~[na:na]
	at org.eclipse.wst.ws.internal.wsfinder.WebServiceFinder.getWebServicesByCategory(WebServiceFinder.java:113) ~[na:na]
	at org.apache.jsp.wsdl_005fcontent_jsp._jspService(org.apache.jsp.wsdl_005fcontent_jsp:254) ~[na:na]
	at org.apache.jasper.runtime.HttpJspBase.service(HttpJspBase.java:111) ~[na:na]
	at javax.servlet.http.HttpServlet.service(HttpServlet.java:790) ~[javax.servlet_3.1.0.v201410161800.jar:3.1.0]
	at org.apache.jasper.servlet.JspServletWrapper.service(JspServletWrapper.java:403) ~[na:na]
	... 34 common frames omitted
2016-10-07 11:49:07,175 [qtp293280822-212] WARN  o.e.jetty.servlet.ServletHandler - 
org.apache.jasper.JasperException: java.lang.NullPointerException
	at org.apache.jasper.servlet.JspServletWrapper.service(JspServletWrapper.java:432) ~[na:na]
	at org.apache.jasper.servlet.JspServlet.serviceJspFile(JspServlet.java:492) ~[na:na]
	at org.apache.jasper.servlet.JspServlet.service(JspServlet.java:378) ~[na:na]
	at javax.servlet.http.HttpServlet.service(HttpServlet.java:790) ~[javax.servlet_3.1.0.v201410161800.jar:3.1.0]
	at org.eclipse.equinox.jsp.jasper.JspServlet.service(JspServlet.java:155) ~[na:na]
	at javax.servlet.http.HttpServlet.service(HttpServlet.java:790) ~[javax.servlet_3.1.0.v201410161800.jar:3.1.0]
	at org.eclipse.equinox.http.registry.internal.ServletManager$ServletWrapper.service(ServletManager.java:180) ~[na:na]
	at org.eclipse.equinox.http.servlet.internal.HttpServiceRuntimeImpl$LegacyServlet.service(HttpServiceRuntimeImpl.java:1221) ~[na:na]
	at org.eclipse.equinox.http.servlet.internal.registration.EndpointRegistration.service(EndpointRegistration.java:153) ~[na:na]
	at org.eclipse.equinox.http.servlet.internal.servlet.ResponseStateHandler.processRequest(ResponseStateHandler.java:62) ~[na:na]
	at org.eclipse.equinox.http.servlet.internal.context.DispatchTargets.doDispatch(DispatchTargets.java:132) ~[na:na]
	at org.eclipse.equinox.http.servlet.internal.servlet.ProxyServlet.service(ProxyServlet.java:100) ~[na:na]
	at javax.servlet.http.HttpServlet.service(HttpServlet.java:790) ~[javax.servlet_3.1.0.v201410161800.jar:3.1.0]
	at org.eclipse.equinox.http.jetty.internal.HttpServerManager$InternalHttpServiceServlet.service(HttpServerManager.java:310) ~[org.eclipse.equinox.http.jetty_3.3.0.v20160324-1850.jar:na]
	at org.eclipse.jetty.servlet.ServletHolder.handle(ServletHolder.java:845) ~[org.eclipse.jetty.servlet_9.3.9.v20160517.jar:9.3.9.v20160517]
	at org.eclipse.jetty.servlet.ServletHandler.doHandle(ServletHandler.java:583) [org.eclipse.jetty.servlet_9.3.9.v20160517.jar:9.3.9.v20160517]
	at org.eclipse.jetty.server.session.SessionHandler.doHandle(SessionHandler.java:224) [org.eclipse.jetty.server_9.3.9.v20160517.jar:9.3.9.v20160517]
	at org.eclipse.jetty.server.handler.ContextHandler.doHandle(ContextHandler.java:1174) [org.eclipse.jetty.server_9.3.9.v20160517.jar:9.3.9.v20160517]
	at org.eclipse.jetty.servlet.ServletHandler.doScope(ServletHandler.java:511) [org.eclipse.jetty.servlet_9.3.9.v20160517.jar:9.3.9.v20160517]
	at org.eclipse.jetty.server.session.SessionHandler.doScope(SessionHandler.java:185) [org.eclipse.jetty.server_9.3.9.v20160517.jar:9.3.9.v20160517]
	at org.eclipse.jetty.server.handler.ContextHandler.doScope(ContextHandler.java:1106) [org.eclipse.jetty.server_9.3.9.v20160517.jar:9.3.9.v20160517]
	at org.eclipse.jetty.server.handler.ScopedHandler.handle(ScopedHandler.java:141) [org.eclipse.jetty.server_9.3.9.v20160517.jar:9.3.9.v20160517]
	at org.eclipse.jetty.server.handler.HandlerWrapper.handle(HandlerWrapper.java:134) [org.eclipse.jetty.server_9.3.9.v20160517.jar:9.3.9.v20160517]
	at org.eclipse.jetty.server.Server.handle(Server.java:524) [org.eclipse.jetty.server_9.3.9.v20160517.jar:9.3.9.v20160517]
	at org.eclipse.jetty.server.HttpChannel.handle(HttpChannel.java:319) [org.eclipse.jetty.server_9.3.9.v20160517.jar:9.3.9.v20160517]
	at org.eclipse.jetty.server.HttpConnection.onFillable(HttpConnection.java:253) [org.eclipse.jetty.server_9.3.9.v20160517.jar:9.3.9.v20160517]
	at org.eclipse.jetty.io.AbstractConnection$ReadCallback.succeeded(AbstractConnection.java:273) [org.eclipse.jetty.io_9.3.9.v20160517.jar:9.3.9.v20160517]
	at org.eclipse.jetty.io.FillInterest.fillable(FillInterest.java:95) [org.eclipse.jetty.io_9.3.9.v20160517.jar:9.3.9.v20160517]
	at org.eclipse.jetty.io.SelectChannelEndPoint$2.run(SelectChannelEndPoint.java:93) [org.eclipse.jetty.io_9.3.9.v20160517.jar:9.3.9.v20160517]
	at org.eclipse.jetty.util.thread.strategy.ExecuteProduceConsume.executeProduceConsume(ExecuteProduceConsume.java:303) [org.eclipse.jetty.util_9.3.9.v20160517.jar:9.3.9.v20160517]
	at org.eclipse.jetty.util.thread.strategy.ExecuteProduceConsume.produceConsume(ExecuteProduceConsume.java:148) [org.eclipse.jetty.util_9.3.9.v20160517.jar:9.3.9.v20160517]
	at org.eclipse.jetty.util.thread.strategy.ExecuteProduceConsume.run(ExecuteProduceConsume.java:136) [org.eclipse.jetty.util_9.3.9.v20160517.jar:9.3.9.v20160517]
	at org.eclipse.jetty.util.thread.QueuedThreadPool.runJob(QueuedThreadPool.java:671) [org.eclipse.jetty.util_9.3.9.v20160517.jar:9.3.9.v20160517]
	at org.eclipse.jetty.util.thread.QueuedThreadPool$2.run(QueuedThreadPool.java:589) [org.eclipse.jetty.util_9.3.9.v20160517.jar:9.3.9.v20160517]
	at java.lang.Thread.run(Unknown Source) [na:1.8.0_101]
Caused by: java.lang.NullPointerException: null
	at java.util.ArrayList.addAll(Unknown Source) ~[na:1.8.0_101]
	at org.eclipse.jst.ws.internal.cxf.consumption.core.locator.CXFWebServiceLocator.getWebServices(CXFWebServiceLocator.java:50) ~[na:na]
	at org.eclipse.jst.ws.internal.cxf.consumption.core.locator.CXFWebServiceLocator.getWebServices(CXFWebServiceLocator.java:41) ~[na:na]
	at org.eclipse.wst.ws.internal.wsfinder.WebServiceFinder.getWebServicesByCategoryId(WebServiceFinder.java:178) ~[na:na]
	at org.eclipse.wst.ws.internal.wsfinder.WebServiceFinder.getWebServicesByCategoryId(WebServiceFinder.java:146) ~[na:na]
	at org.eclipse.wst.ws.internal.wsfinder.WebServiceFinder.getWebServicesByCategory(WebServiceFinder.java:113) ~[na:na]
	at org.apache.jsp.wsdl_005fcontent_jsp._jspService(org.apache.jsp.wsdl_005fcontent_jsp:254) ~[na:na]
	at org.apache.jasper.runtime.HttpJspBase.service(HttpJspBase.java:111) ~[na:na]
	at javax.servlet.http.HttpServlet.service(HttpServlet.java:790) ~[javax.servlet_3.1.0.v201410161800.jar:3.1.0]
	at org.apache.jasper.servlet.JspServletWrapper.service(JspServletWrapper.java:403) ~[na:na]
	... 34 common frames omitted
2016-10-07 11:49:43,108 [qtp293280822-216] WARN  o.e.jetty.servlet.ServletHandler - 
org.apache.jasper.JasperException: java.lang.NullPointerException
	at org.apache.jasper.servlet.JspServletWrapper.service(JspServletWrapper.java:432) ~[na:na]
	at org.apache.jasper.servlet.JspServlet.serviceJspFile(JspServlet.java:492) ~[na:na]
	at org.apache.jasper.servlet.JspServlet.service(JspServlet.java:378) ~[na:na]
	at javax.servlet.http.HttpServlet.service(HttpServlet.java:790) ~[javax.servlet_3.1.0.v201410161800.jar:3.1.0]
	at org.eclipse.equinox.jsp.jasper.JspServlet.service(JspServlet.java:155) ~[na:na]
	at javax.servlet.http.HttpServlet.service(HttpServlet.java:790) ~[javax.servlet_3.1.0.v201410161800.jar:3.1.0]
	at org.eclipse.equinox.http.registry.internal.ServletManager$ServletWrapper.service(ServletManager.java:180) ~[na:na]
	at org.eclipse.equinox.http.servlet.internal.HttpServiceRuntimeImpl$LegacyServlet.service(HttpServiceRuntimeImpl.java:1221) ~[na:na]
	at org.eclipse.equinox.http.servlet.internal.registration.EndpointRegistration.service(EndpointRegistration.java:153) ~[na:na]
	at org.eclipse.equinox.http.servlet.internal.servlet.ResponseStateHandler.processRequest(ResponseStateHandler.java:62) ~[na:na]
	at org.eclipse.equinox.http.servlet.internal.context.DispatchTargets.doDispatch(DispatchTargets.java:132) ~[na:na]
	at org.eclipse.equinox.http.servlet.internal.servlet.ProxyServlet.service(ProxyServlet.java:100) ~[na:na]
	at javax.servlet.http.HttpServlet.service(HttpServlet.java:790) ~[javax.servlet_3.1.0.v201410161800.jar:3.1.0]
	at org.eclipse.equinox.http.jetty.internal.HttpServerManager$InternalHttpServiceServlet.service(HttpServerManager.java:310) ~[org.eclipse.equinox.http.jetty_3.3.0.v20160324-1850.jar:na]
	at org.eclipse.jetty.servlet.ServletHolder.handle(ServletHolder.java:845) ~[org.eclipse.jetty.servlet_9.3.9.v20160517.jar:9.3.9.v20160517]
	at org.eclipse.jetty.servlet.ServletHandler.doHandle(ServletHandler.java:583) [org.eclipse.jetty.servlet_9.3.9.v20160517.jar:9.3.9.v20160517]
	at org.eclipse.jetty.server.session.SessionHandler.doHandle(SessionHandler.java:224) [org.eclipse.jetty.server_9.3.9.v20160517.jar:9.3.9.v20160517]
	at org.eclipse.jetty.server.handler.ContextHandler.doHandle(ContextHandler.java:1174) [org.eclipse.jetty.server_9.3.9.v20160517.jar:9.3.9.v20160517]
	at org.eclipse.jetty.servlet.ServletHandler.doScope(ServletHandler.java:511) [org.eclipse.jetty.servlet_9.3.9.v20160517.jar:9.3.9.v20160517]
	at org.eclipse.jetty.server.session.SessionHandler.doScope(SessionHandler.java:185) [org.eclipse.jetty.server_9.3.9.v20160517.jar:9.3.9.v20160517]
	at org.eclipse.jetty.server.handler.ContextHandler.doScope(ContextHandler.java:1106) [org.eclipse.jetty.server_9.3.9.v20160517.jar:9.3.9.v20160517]
	at org.eclipse.jetty.server.handler.ScopedHandler.handle(ScopedHandler.java:141) [org.eclipse.jetty.server_9.3.9.v20160517.jar:9.3.9.v20160517]
	at org.eclipse.jetty.server.handler.HandlerWrapper.handle(HandlerWrapper.java:134) [org.eclipse.jetty.server_9.3.9.v20160517.jar:9.3.9.v20160517]
	at org.eclipse.jetty.server.Server.handle(Server.java:524) [org.eclipse.jetty.server_9.3.9.v20160517.jar:9.3.9.v20160517]
	at org.eclipse.jetty.server.HttpChannel.handle(HttpChannel.java:319) [org.eclipse.jetty.server_9.3.9.v20160517.jar:9.3.9.v20160517]
	at org.eclipse.jetty.server.HttpConnection.onFillable(HttpConnection.java:253) [org.eclipse.jetty.server_9.3.9.v20160517.jar:9.3.9.v20160517]
	at org.eclipse.jetty.io.AbstractConnection$ReadCallback.succeeded(AbstractConnection.java:273) [org.eclipse.jetty.io_9.3.9.v20160517.jar:9.3.9.v20160517]
	at org.eclipse.jetty.io.FillInterest.fillable(FillInterest.java:95) [org.eclipse.jetty.io_9.3.9.v20160517.jar:9.3.9.v20160517]
	at org.eclipse.jetty.io.SelectChannelEndPoint$2.run(SelectChannelEndPoint.java:93) [org.eclipse.jetty.io_9.3.9.v20160517.jar:9.3.9.v20160517]
	at org.eclipse.jetty.util.thread.strategy.ExecuteProduceConsume.executeProduceConsume(ExecuteProduceConsume.java:303) [org.eclipse.jetty.util_9.3.9.v20160517.jar:9.3.9.v20160517]
	at org.eclipse.jetty.util.thread.strategy.ExecuteProduceConsume.produceConsume(ExecuteProduceConsume.java:148) [org.eclipse.jetty.util_9.3.9.v20160517.jar:9.3.9.v20160517]
	at org.eclipse.jetty.util.thread.strategy.ExecuteProduceConsume.run(ExecuteProduceConsume.java:136) [org.eclipse.jetty.util_9.3.9.v20160517.jar:9.3.9.v20160517]
	at org.eclipse.jetty.util.thread.QueuedThreadPool.runJob(QueuedThreadPool.java:671) [org.eclipse.jetty.util_9.3.9.v20160517.jar:9.3.9.v20160517]
	at org.eclipse.jetty.util.thread.QueuedThreadPool$2.run(QueuedThreadPool.java:589) [org.eclipse.jetty.util_9.3.9.v20160517.jar:9.3.9.v20160517]
	at java.lang.Thread.run(Unknown Source) [na:1.8.0_101]
Caused by: java.lang.NullPointerException: null
	at java.util.ArrayList.addAll(Unknown Source) ~[na:1.8.0_101]
	at org.eclipse.jst.ws.internal.cxf.consumption.core.locator.CXFWebServiceLocator.getWebServices(CXFWebServiceLocator.java:50) ~[na:na]
	at org.eclipse.jst.ws.internal.cxf.consumption.core.locator.CXFWebServiceLocator.getWebServices(CXFWebServiceLocator.java:41) ~[na:na]
	at org.eclipse.wst.ws.internal.wsfinder.WebServiceFinder.getWebServicesByCategoryId(WebServiceFinder.java:178) ~[na:na]
	at org.eclipse.wst.ws.internal.wsfinder.WebServiceFinder.getWebServicesByCategoryId(WebServiceFinder.java:146) ~[na:na]
	at org.eclipse.wst.ws.internal.wsfinder.WebServiceFinder.getWebServicesByCategory(WebServiceFinder.java:113) ~[na:na]
	at org.apache.jsp.wsdl_005fcontent_jsp._jspService(org.apache.jsp.wsdl_005fcontent_jsp:254) ~[na:na]
	at org.apache.jasper.runtime.HttpJspBase.service(HttpJspBase.java:111) ~[na:na]
	at javax.servlet.http.HttpServlet.service(HttpServlet.java:790) ~[javax.servlet_3.1.0.v201410161800.jar:3.1.0]
	at org.apache.jasper.servlet.JspServletWrapper.service(JspServletWrapper.java:403) ~[na:na]
	... 34 common frames omitted
2016-10-07 11:49:52,547 [qtp293280822-218] WARN  o.e.jetty.servlet.ServletHandler - 
org.apache.jasper.JasperException: java.lang.NullPointerException
	at org.apache.jasper.servlet.JspServletWrapper.service(JspServletWrapper.java:432) ~[na:na]
	at org.apache.jasper.servlet.JspServlet.serviceJspFile(JspServlet.java:492) ~[na:na]
	at org.apache.jasper.servlet.JspServlet.service(JspServlet.java:378) ~[na:na]
	at javax.servlet.http.HttpServlet.service(HttpServlet.java:790) ~[javax.servlet_3.1.0.v201410161800.jar:3.1.0]
	at org.eclipse.equinox.jsp.jasper.JspServlet.service(JspServlet.java:155) ~[na:na]
	at javax.servlet.http.HttpServlet.service(HttpServlet.java:790) ~[javax.servlet_3.1.0.v201410161800.jar:3.1.0]
	at org.eclipse.equinox.http.registry.internal.ServletManager$ServletWrapper.service(ServletManager.java:180) ~[na:na]
	at org.eclipse.equinox.http.servlet.internal.HttpServiceRuntimeImpl$LegacyServlet.service(HttpServiceRuntimeImpl.java:1221) ~[na:na]
	at org.eclipse.equinox.http.servlet.internal.registration.EndpointRegistration.service(EndpointRegistration.java:153) ~[na:na]
	at org.eclipse.equinox.http.servlet.internal.servlet.ResponseStateHandler.processRequest(ResponseStateHandler.java:62) ~[na:na]
	at org.eclipse.equinox.http.servlet.internal.context.DispatchTargets.doDispatch(DispatchTargets.java:132) ~[na:na]
	at org.eclipse.equinox.http.servlet.internal.servlet.ProxyServlet.service(ProxyServlet.java:100) ~[na:na]
	at javax.servlet.http.HttpServlet.service(HttpServlet.java:790) ~[javax.servlet_3.1.0.v201410161800.jar:3.1.0]
	at org.eclipse.equinox.http.jetty.internal.HttpServerManager$InternalHttpServiceServlet.service(HttpServerManager.java:310) ~[org.eclipse.equinox.http.jetty_3.3.0.v20160324-1850.jar:na]
	at org.eclipse.jetty.servlet.ServletHolder.handle(ServletHolder.java:845) ~[org.eclipse.jetty.servlet_9.3.9.v20160517.jar:9.3.9.v20160517]
	at org.eclipse.jetty.servlet.ServletHandler.doHandle(ServletHandler.java:583) [org.eclipse.jetty.servlet_9.3.9.v20160517.jar:9.3.9.v20160517]
	at org.eclipse.jetty.server.session.SessionHandler.doHandle(SessionHandler.java:224) [org.eclipse.jetty.server_9.3.9.v20160517.jar:9.3.9.v20160517]
	at org.eclipse.jetty.server.handler.ContextHandler.doHandle(ContextHandler.java:1174) [org.eclipse.jetty.server_9.3.9.v20160517.jar:9.3.9.v20160517]
	at org.eclipse.jetty.servlet.ServletHandler.doScope(ServletHandler.java:511) [org.eclipse.jetty.servlet_9.3.9.v20160517.jar:9.3.9.v20160517]
	at org.eclipse.jetty.server.session.SessionHandler.doScope(SessionHandler.java:185) [org.eclipse.jetty.server_9.3.9.v20160517.jar:9.3.9.v20160517]
	at org.eclipse.jetty.server.handler.ContextHandler.doScope(ContextHandler.java:1106) [org.eclipse.jetty.server_9.3.9.v20160517.jar:9.3.9.v20160517]
	at org.eclipse.jetty.server.handler.ScopedHandler.handle(ScopedHandler.java:141) [org.eclipse.jetty.server_9.3.9.v20160517.jar:9.3.9.v20160517]
	at org.eclipse.jetty.server.handler.HandlerWrapper.handle(HandlerWrapper.java:134) [org.eclipse.jetty.server_9.3.9.v20160517.jar:9.3.9.v20160517]
	at org.eclipse.jetty.server.Server.handle(Server.java:524) [org.eclipse.jetty.server_9.3.9.v20160517.jar:9.3.9.v20160517]
	at org.eclipse.jetty.server.HttpChannel.handle(HttpChannel.java:319) [org.eclipse.jetty.server_9.3.9.v20160517.jar:9.3.9.v20160517]
	at org.eclipse.jetty.server.HttpConnection.onFillable(HttpConnection.java:253) [org.eclipse.jetty.server_9.3.9.v20160517.jar:9.3.9.v20160517]
	at org.eclipse.jetty.io.AbstractConnection$ReadCallback.succeeded(AbstractConnection.java:273) [org.eclipse.jetty.io_9.3.9.v20160517.jar:9.3.9.v20160517]
	at org.eclipse.jetty.io.FillInterest.fillable(FillInterest.java:95) [org.eclipse.jetty.io_9.3.9.v20160517.jar:9.3.9.v20160517]
	at org.eclipse.jetty.io.SelectChannelEndPoint$2.run(SelectChannelEndPoint.java:93) [org.eclipse.jetty.io_9.3.9.v20160517.jar:9.3.9.v20160517]
	at org.eclipse.jetty.util.thread.strategy.ExecuteProduceConsume.executeProduceConsume(ExecuteProduceConsume.java:303) [org.eclipse.jetty.util_9.3.9.v20160517.jar:9.3.9.v20160517]
	at org.eclipse.jetty.util.thread.strategy.ExecuteProduceConsume.produceConsume(ExecuteProduceConsume.java:148) [org.eclipse.jetty.util_9.3.9.v20160517.jar:9.3.9.v20160517]
	at org.eclipse.jetty.util.thread.strategy.ExecuteProduceConsume.run(ExecuteProduceConsume.java:136) [org.eclipse.jetty.util_9.3.9.v20160517.jar:9.3.9.v20160517]
	at org.eclipse.jetty.util.thread.QueuedThreadPool.runJob(QueuedThreadPool.java:671) [org.eclipse.jetty.util_9.3.9.v20160517.jar:9.3.9.v20160517]
	at org.eclipse.jetty.util.thread.QueuedThreadPool$2.run(QueuedThreadPool.java:589) [org.eclipse.jetty.util_9.3.9.v20160517.jar:9.3.9.v20160517]
	at java.lang.Thread.run(Unknown Source) [na:1.8.0_101]
Caused by: java.lang.NullPointerException: null
	at java.util.ArrayList.addAll(Unknown Source) ~[na:1.8.0_101]
	at org.eclipse.jst.ws.internal.cxf.consumption.core.locator.CXFWebServiceLocator.getWebServices(CXFWebServiceLocator.java:50) ~[na:na]
	at org.eclipse.jst.ws.internal.cxf.consumption.core.locator.CXFWebServiceLocator.getWebServices(CXFWebServiceLocator.java:41) ~[na:na]
	at org.eclipse.wst.ws.internal.wsfinder.WebServiceFinder.getWebServicesByCategoryId(WebServiceFinder.java:178) ~[na:na]
	at org.eclipse.wst.ws.internal.wsfinder.WebServiceFinder.getWebServicesByCategoryId(WebServiceFinder.java:146) ~[na:na]
	at org.eclipse.wst.ws.internal.wsfinder.WebServiceFinder.getWebServicesByCategory(WebServiceFinder.java:113) ~[na:na]
	at org.apache.jsp.wsdl_005fcontent_jsp._jspService(org.apache.jsp.wsdl_005fcontent_jsp:254) ~[na:na]
	at org.apache.jasper.runtime.HttpJspBase.service(HttpJspBase.java:111) ~[na:na]
	at javax.servlet.http.HttpServlet.service(HttpServlet.java:790) ~[javax.servlet_3.1.0.v201410161800.jar:3.1.0]
	at org.apache.jasper.servlet.JspServletWrapper.service(JspServletWrapper.java:403) ~[na:na]
	... 34 common frames omitted
2016-10-07 12:12:38,080 [qtp293280822-211] WARN  o.e.jetty.servlet.ServletHandler - 
org.apache.jasper.JasperException: java.lang.ClassCastException: org.eclipse.wst.ws.internal.explorer.platform.wsdl.perspective.OpenWSDLTool cannot be cast to org.eclipse.wst.ws.internal.explorer.platform.wsdl.perspective.InvokeWSDLOperationTool
	at org.apache.jasper.servlet.JspServletWrapper.service(JspServletWrapper.java:432) ~[na:na]
	at org.apache.jasper.servlet.JspServlet.serviceJspFile(JspServlet.java:492) ~[na:na]
	at org.apache.jasper.servlet.JspServlet.service(JspServlet.java:378) ~[na:na]
	at javax.servlet.http.HttpServlet.service(HttpServlet.java:790) ~[javax.servlet_3.1.0.v201410161800.jar:3.1.0]
	at org.eclipse.equinox.jsp.jasper.JspServlet.service(JspServlet.java:155) ~[na:na]
	at javax.servlet.http.HttpServlet.service(HttpServlet.java:790) ~[javax.servlet_3.1.0.v201410161800.jar:3.1.0]
	at org.eclipse.equinox.http.registry.internal.ServletManager$ServletWrapper.service(ServletManager.java:180) ~[na:na]
	at org.eclipse.equinox.http.servlet.internal.HttpServiceRuntimeImpl$LegacyServlet.service(HttpServiceRuntimeImpl.java:1221) ~[na:na]
	at org.eclipse.equinox.http.servlet.internal.registration.EndpointRegistration.service(EndpointRegistration.java:153) ~[na:na]
	at org.eclipse.equinox.http.servlet.internal.servlet.ResponseStateHandler.processRequest(ResponseStateHandler.java:62) ~[na:na]
	at org.eclipse.equinox.http.servlet.internal.context.DispatchTargets.doDispatch(DispatchTargets.java:132) ~[na:na]
	at org.eclipse.equinox.http.servlet.internal.servlet.ProxyServlet.service(ProxyServlet.java:100) ~[na:na]
	at javax.servlet.http.HttpServlet.service(HttpServlet.java:790) ~[javax.servlet_3.1.0.v201410161800.jar:3.1.0]
	at org.eclipse.equinox.http.jetty.internal.HttpServerManager$InternalHttpServiceServlet.service(HttpServerManager.java:310) ~[org.eclipse.equinox.http.jetty_3.3.0.v20160324-1850.jar:na]
	at org.eclipse.jetty.servlet.ServletHolder.handle(ServletHolder.java:845) ~[org.eclipse.jetty.servlet_9.3.9.v20160517.jar:9.3.9.v20160517]
	at org.eclipse.jetty.servlet.ServletHandler.doHandle(ServletHandler.java:583) [org.eclipse.jetty.servlet_9.3.9.v20160517.jar:9.3.9.v20160517]
	at org.eclipse.jetty.server.session.SessionHandler.doHandle(SessionHandler.java:224) [org.eclipse.jetty.server_9.3.9.v20160517.jar:9.3.9.v20160517]
	at org.eclipse.jetty.server.handler.ContextHandler.doHandle(ContextHandler.java:1174) [org.eclipse.jetty.server_9.3.9.v20160517.jar:9.3.9.v20160517]
	at org.eclipse.jetty.servlet.ServletHandler.doScope(ServletHandler.java:511) [org.eclipse.jetty.servlet_9.3.9.v20160517.jar:9.3.9.v20160517]
	at org.eclipse.jetty.server.session.SessionHandler.doScope(SessionHandler.java:185) [org.eclipse.jetty.server_9.3.9.v20160517.jar:9.3.9.v20160517]
	at org.eclipse.jetty.server.handler.ContextHandler.doScope(ContextHandler.java:1106) [org.eclipse.jetty.server_9.3.9.v20160517.jar:9.3.9.v20160517]
	at org.eclipse.jetty.server.handler.ScopedHandler.handle(ScopedHandler.java:141) [org.eclipse.jetty.server_9.3.9.v20160517.jar:9.3.9.v20160517]
	at org.eclipse.jetty.server.handler.HandlerWrapper.handle(HandlerWrapper.java:134) [org.eclipse.jetty.server_9.3.9.v20160517.jar:9.3.9.v20160517]
	at org.eclipse.jetty.server.Server.handle(Server.java:524) [org.eclipse.jetty.server_9.3.9.v20160517.jar:9.3.9.v20160517]
	at org.eclipse.jetty.server.HttpChannel.handle(HttpChannel.java:319) [org.eclipse.jetty.server_9.3.9.v20160517.jar:9.3.9.v20160517]
	at org.eclipse.jetty.server.HttpConnection.onFillable(HttpConnection.java:253) [org.eclipse.jetty.server_9.3.9.v20160517.jar:9.3.9.v20160517]
	at org.eclipse.jetty.io.AbstractConnection$ReadCallback.succeeded(AbstractConnection.java:273) [org.eclipse.jetty.io_9.3.9.v20160517.jar:9.3.9.v20160517]
	at org.eclipse.jetty.io.FillInterest.fillable(FillInterest.java:95) [org.eclipse.jetty.io_9.3.9.v20160517.jar:9.3.9.v20160517]
	at org.eclipse.jetty.io.SelectChannelEndPoint$2.run(SelectChannelEndPoint.java:93) [org.eclipse.jetty.io_9.3.9.v20160517.jar:9.3.9.v20160517]
	at org.eclipse.jetty.util.thread.strategy.ExecuteProduceConsume.executeProduceConsume(ExecuteProduceConsume.java:303) [org.eclipse.jetty.util_9.3.9.v20160517.jar:9.3.9.v20160517]
	at org.eclipse.jetty.util.thread.strategy.ExecuteProduceConsume.produceConsume(ExecuteProduceConsume.java:148) [org.eclipse.jetty.util_9.3.9.v20160517.jar:9.3.9.v20160517]
	at org.eclipse.jetty.util.thread.strategy.ExecuteProduceConsume.run(ExecuteProduceConsume.java:136) [org.eclipse.jetty.util_9.3.9.v20160517.jar:9.3.9.v20160517]
	at org.eclipse.jetty.util.thread.QueuedThreadPool.runJob(QueuedThreadPool.java:671) [org.eclipse.jetty.util_9.3.9.v20160517.jar:9.3.9.v20160517]
	at org.eclipse.jetty.util.thread.QueuedThreadPool$2.run(QueuedThreadPool.java:589) [org.eclipse.jetty.util_9.3.9.v20160517.jar:9.3.9.v20160517]
	at java.lang.Thread.run(Unknown Source) [na:1.8.0_101]
Caused by: java.lang.ClassCastException: org.eclipse.wst.ws.internal.explorer.platform.wsdl.perspective.OpenWSDLTool cannot be cast to org.eclipse.wst.ws.internal.explorer.platform.wsdl.perspective.InvokeWSDLOperationTool
	at org.apache.jsp.wsdl.forms.InvokeWSDLOperationForm_jsp._jspService(org.apache.jsp.wsdl.forms.InvokeWSDLOperationForm_jsp:99) ~[na:na]
	at org.apache.jasper.runtime.HttpJspBase.service(HttpJspBase.java:111) ~[na:na]
	at javax.servlet.http.HttpServlet.service(HttpServlet.java:790) ~[javax.servlet_3.1.0.v201410161800.jar:3.1.0]
	at org.apache.jasper.servlet.JspServletWrapper.service(JspServletWrapper.java:403) ~[na:na]
	... 34 common frames omitted
2016-10-07 12:12:56,542 [qtp293280822-217] WARN  o.e.jetty.servlet.ServletHandler - 
org.apache.jasper.JasperException: java.lang.NullPointerException
	at org.apache.jasper.servlet.JspServletWrapper.service(JspServletWrapper.java:432) ~[na:na]
	at org.apache.jasper.servlet.JspServlet.serviceJspFile(JspServlet.java:492) ~[na:na]
	at org.apache.jasper.servlet.JspServlet.service(JspServlet.java:378) ~[na:na]
	at javax.servlet.http.HttpServlet.service(HttpServlet.java:790) ~[javax.servlet_3.1.0.v201410161800.jar:3.1.0]
	at org.eclipse.equinox.jsp.jasper.JspServlet.service(JspServlet.java:155) ~[na:na]
	at javax.servlet.http.HttpServlet.service(HttpServlet.java:790) ~[javax.servlet_3.1.0.v201410161800.jar:3.1.0]
	at org.eclipse.equinox.http.registry.internal.ServletManager$ServletWrapper.service(ServletManager.java:180) ~[na:na]
	at org.eclipse.equinox.http.servlet.internal.HttpServiceRuntimeImpl$LegacyServlet.service(HttpServiceRuntimeImpl.java:1221) ~[na:na]
	at org.eclipse.equinox.http.servlet.internal.registration.EndpointRegistration.service(EndpointRegistration.java:153) ~[na:na]
	at org.eclipse.equinox.http.servlet.internal.servlet.ResponseStateHandler.processRequest(ResponseStateHandler.java:62) ~[na:na]
	at org.eclipse.equinox.http.servlet.internal.context.DispatchTargets.doDispatch(DispatchTargets.java:132) ~[na:na]
	at org.eclipse.equinox.http.servlet.internal.servlet.ProxyServlet.service(ProxyServlet.java:100) ~[na:na]
	at javax.servlet.http.HttpServlet.service(HttpServlet.java:790) ~[javax.servlet_3.1.0.v201410161800.jar:3.1.0]
	at org.eclipse.equinox.http.jetty.internal.HttpServerManager$InternalHttpServiceServlet.service(HttpServerManager.java:310) ~[org.eclipse.equinox.http.jetty_3.3.0.v20160324-1850.jar:na]
	at org.eclipse.jetty.servlet.ServletHolder.handle(ServletHolder.java:845) ~[org.eclipse.jetty.servlet_9.3.9.v20160517.jar:9.3.9.v20160517]
	at org.eclipse.jetty.servlet.ServletHandler.doHandle(ServletHandler.java:583) [org.eclipse.jetty.servlet_9.3.9.v20160517.jar:9.3.9.v20160517]
	at org.eclipse.jetty.server.session.SessionHandler.doHandle(SessionHandler.java:224) [org.eclipse.jetty.server_9.3.9.v20160517.jar:9.3.9.v20160517]
	at org.eclipse.jetty.server.handler.ContextHandler.doHandle(ContextHandler.java:1174) [org.eclipse.jetty.server_9.3.9.v20160517.jar:9.3.9.v20160517]
	at org.eclipse.jetty.servlet.ServletHandler.doScope(ServletHandler.java:511) [org.eclipse.jetty.servlet_9.3.9.v20160517.jar:9.3.9.v20160517]
	at org.eclipse.jetty.server.session.SessionHandler.doScope(SessionHandler.java:185) [org.eclipse.jetty.server_9.3.9.v20160517.jar:9.3.9.v20160517]
	at org.eclipse.jetty.server.handler.ContextHandler.doScope(ContextHandler.java:1106) [org.eclipse.jetty.server_9.3.9.v20160517.jar:9.3.9.v20160517]
	at org.eclipse.jetty.server.handler.ScopedHandler.handle(ScopedHandler.java:141) [org.eclipse.jetty.server_9.3.9.v20160517.jar:9.3.9.v20160517]
	at org.eclipse.jetty.server.handler.HandlerWrapper.handle(HandlerWrapper.java:134) [org.eclipse.jetty.server_9.3.9.v20160517.jar:9.3.9.v20160517]
	at org.eclipse.jetty.server.Server.handle(Server.java:524) [org.eclipse.jetty.server_9.3.9.v20160517.jar:9.3.9.v20160517]
	at org.eclipse.jetty.server.HttpChannel.handle(HttpChannel.java:319) [org.eclipse.jetty.server_9.3.9.v20160517.jar:9.3.9.v20160517]
	at org.eclipse.jetty.server.HttpConnection.onFillable(HttpConnection.java:253) [org.eclipse.jetty.server_9.3.9.v20160517.jar:9.3.9.v20160517]
	at org.eclipse.jetty.io.AbstractConnection$ReadCallback.succeeded(AbstractConnection.java:273) [org.eclipse.jetty.io_9.3.9.v20160517.jar:9.3.9.v20160517]
	at org.eclipse.jetty.io.FillInterest.fillable(FillInterest.java:95) [org.eclipse.jetty.io_9.3.9.v20160517.jar:9.3.9.v20160517]
	at org.eclipse.jetty.io.SelectChannelEndPoint$2.run(SelectChannelEndPoint.java:93) [org.eclipse.jetty.io_9.3.9.v20160517.jar:9.3.9.v20160517]
	at org.eclipse.jetty.util.thread.strategy.ExecuteProduceConsume.executeProduceConsume(ExecuteProduceConsume.java:303) [org.eclipse.jetty.util_9.3.9.v20160517.jar:9.3.9.v20160517]
	at org.eclipse.jetty.util.thread.strategy.ExecuteProduceConsume.produceConsume(ExecuteProduceConsume.java:148) [org.eclipse.jetty.util_9.3.9.v20160517.jar:9.3.9.v20160517]
	at org.eclipse.jetty.util.thread.strategy.ExecuteProduceConsume.run(ExecuteProduceConsume.java:136) [org.eclipse.jetty.util_9.3.9.v20160517.jar:9.3.9.v20160517]
	at org.eclipse.jetty.util.thread.QueuedThreadPool.runJob(QueuedThreadPool.java:671) [org.eclipse.jetty.util_9.3.9.v20160517.jar:9.3.9.v20160517]
	at org.eclipse.jetty.util.thread.QueuedThreadPool$2.run(QueuedThreadPool.java:589) [org.eclipse.jetty.util_9.3.9.v20160517.jar:9.3.9.v20160517]
	at java.lang.Thread.run(Unknown Source) [na:1.8.0_101]
Caused by: java.lang.NullPointerException: null
	at java.util.ArrayList.addAll(Unknown Source) ~[na:1.8.0_101]
	at org.eclipse.jst.ws.internal.cxf.consumption.core.locator.CXFWebServiceLocator.getWebServices(CXFWebServiceLocator.java:50) ~[na:na]
	at org.eclipse.jst.ws.internal.cxf.consumption.core.locator.CXFWebServiceLocator.getWebServices(CXFWebServiceLocator.java:41) ~[na:na]
	at org.eclipse.wst.ws.internal.wsfinder.WebServiceFinder.getWebServicesByCategoryId(WebServiceFinder.java:178) ~[na:na]
	at org.eclipse.wst.ws.internal.wsfinder.WebServiceFinder.getWebServicesByCategoryId(WebServiceFinder.java:146) ~[na:na]
	at org.eclipse.wst.ws.internal.wsfinder.WebServiceFinder.getWebServicesByCategory(WebServiceFinder.java:113) ~[na:na]
	at org.apache.jsp.wsdl_005fcontent_jsp._jspService(org.apache.jsp.wsdl_005fcontent_jsp:254) ~[na:na]
	at org.apache.jasper.runtime.HttpJspBase.service(HttpJspBase.java:111) ~[na:na]
	at javax.servlet.http.HttpServlet.service(HttpServlet.java:790) ~[javax.servlet_3.1.0.v201410161800.jar:3.1.0]
	at org.apache.jasper.servlet.JspServletWrapper.service(JspServletWrapper.java:403) ~[na:na]
	... 34 common frames omitted
2016-10-07 12:28:43,176 [qtp293280822-217] WARN  o.e.jetty.servlet.ServletHandler - 
org.apache.jasper.JasperException: java.lang.NullPointerException
	at org.apache.jasper.servlet.JspServletWrapper.service(JspServletWrapper.java:432) ~[na:na]
	at org.apache.jasper.servlet.JspServlet.serviceJspFile(JspServlet.java:492) ~[na:na]
	at org.apache.jasper.servlet.JspServlet.service(JspServlet.java:378) ~[na:na]
	at javax.servlet.http.HttpServlet.service(HttpServlet.java:790) ~[javax.servlet_3.1.0.v201410161800.jar:3.1.0]
	at org.eclipse.equinox.jsp.jasper.JspServlet.service(JspServlet.java:155) ~[na:na]
	at javax.servlet.http.HttpServlet.service(HttpServlet.java:790) ~[javax.servlet_3.1.0.v201410161800.jar:3.1.0]
	at org.eclipse.equinox.http.registry.internal.ServletManager$ServletWrapper.service(ServletManager.java:180) ~[na:na]
	at org.eclipse.equinox.http.servlet.internal.HttpServiceRuntimeImpl$LegacyServlet.service(HttpServiceRuntimeImpl.java:1221) ~[na:na]
	at org.eclipse.equinox.http.servlet.internal.registration.EndpointRegistration.service(EndpointRegistration.java:153) ~[na:na]
	at org.eclipse.equinox.http.servlet.internal.servlet.ResponseStateHandler.processRequest(ResponseStateHandler.java:62) ~[na:na]
	at org.eclipse.equinox.http.servlet.internal.context.DispatchTargets.doDispatch(DispatchTargets.java:132) ~[na:na]
	at org.eclipse.equinox.http.servlet.internal.servlet.ProxyServlet.service(ProxyServlet.java:100) ~[na:na]
	at javax.servlet.http.HttpServlet.service(HttpServlet.java:790) ~[javax.servlet_3.1.0.v201410161800.jar:3.1.0]
	at org.eclipse.equinox.http.jetty.internal.HttpServerManager$InternalHttpServiceServlet.service(HttpServerManager.java:310) ~[org.eclipse.equinox.http.jetty_3.3.0.v20160324-1850.jar:na]
	at org.eclipse.jetty.servlet.ServletHolder.handle(ServletHolder.java:845) ~[org.eclipse.jetty.servlet_9.3.9.v20160517.jar:9.3.9.v20160517]
	at org.eclipse.jetty.servlet.ServletHandler.doHandle(ServletHandler.java:583) [org.eclipse.jetty.servlet_9.3.9.v20160517.jar:9.3.9.v20160517]
	at org.eclipse.jetty.server.session.SessionHandler.doHandle(SessionHandler.java:224) [org.eclipse.jetty.server_9.3.9.v20160517.jar:9.3.9.v20160517]
	at org.eclipse.jetty.server.handler.ContextHandler.doHandle(ContextHandler.java:1174) [org.eclipse.jetty.server_9.3.9.v20160517.jar:9.3.9.v20160517]
	at org.eclipse.jetty.servlet.ServletHandler.doScope(ServletHandler.java:511) [org.eclipse.jetty.servlet_9.3.9.v20160517.jar:9.3.9.v20160517]
	at org.eclipse.jetty.server.session.SessionHandler.doScope(SessionHandler.java:185) [org.eclipse.jetty.server_9.3.9.v20160517.jar:9.3.9.v20160517]
	at org.eclipse.jetty.server.handler.ContextHandler.doScope(ContextHandler.java:1106) [org.eclipse.jetty.server_9.3.9.v20160517.jar:9.3.9.v20160517]
	at org.eclipse.jetty.server.handler.ScopedHandler.handle(ScopedHandler.java:141) [org.eclipse.jetty.server_9.3.9.v20160517.jar:9.3.9.v20160517]
	at org.eclipse.jetty.server.handler.HandlerWrapper.handle(HandlerWrapper.java:134) [org.eclipse.jetty.server_9.3.9.v20160517.jar:9.3.9.v20160517]
	at org.eclipse.jetty.server.Server.handle(Server.java:524) [org.eclipse.jetty.server_9.3.9.v20160517.jar:9.3.9.v20160517]
	at org.eclipse.jetty.server.HttpChannel.handle(HttpChannel.java:319) [org.eclipse.jetty.server_9.3.9.v20160517.jar:9.3.9.v20160517]
	at org.eclipse.jetty.server.HttpConnection.onFillable(HttpConnection.java:253) [org.eclipse.jetty.server_9.3.9.v20160517.jar:9.3.9.v20160517]
	at org.eclipse.jetty.io.AbstractConnection$ReadCallback.succeeded(AbstractConnection.java:273) [org.eclipse.jetty.io_9.3.9.v20160517.jar:9.3.9.v20160517]
	at org.eclipse.jetty.io.FillInterest.fillable(FillInterest.java:95) [org.eclipse.jetty.io_9.3.9.v20160517.jar:9.3.9.v20160517]
	at org.eclipse.jetty.io.SelectChannelEndPoint$2.run(SelectChannelEndPoint.java:93) [org.eclipse.jetty.io_9.3.9.v20160517.jar:9.3.9.v20160517]
	at org.eclipse.jetty.util.thread.strategy.ExecuteProduceConsume.executeProduceConsume(ExecuteProduceConsume.java:303) [org.eclipse.jetty.util_9.3.9.v20160517.jar:9.3.9.v20160517]
	at org.eclipse.jetty.util.thread.strategy.ExecuteProduceConsume.produceConsume(ExecuteProduceConsume.java:148) [org.eclipse.jetty.util_9.3.9.v20160517.jar:9.3.9.v20160517]
	at org.eclipse.jetty.util.thread.strategy.ExecuteProduceConsume.run(ExecuteProduceConsume.java:136) [org.eclipse.jetty.util_9.3.9.v20160517.jar:9.3.9.v20160517]
	at org.eclipse.jetty.util.thread.QueuedThreadPool.runJob(QueuedThreadPool.java:671) [org.eclipse.jetty.util_9.3.9.v20160517.jar:9.3.9.v20160517]
	at org.eclipse.jetty.util.thread.QueuedThreadPool$2.run(QueuedThreadPool.java:589) [org.eclipse.jetty.util_9.3.9.v20160517.jar:9.3.9.v20160517]
	at java.lang.Thread.run(Unknown Source) [na:1.8.0_101]
Caused by: java.lang.NullPointerException: null
	at java.util.ArrayList.addAll(Unknown Source) ~[na:1.8.0_101]
	at org.eclipse.jst.ws.internal.cxf.consumption.core.locator.CXFWebServiceLocator.getWebServices(CXFWebServiceLocator.java:50) ~[na:na]
	at org.eclipse.jst.ws.internal.cxf.consumption.core.locator.CXFWebServiceLocator.getWebServices(CXFWebServiceLocator.java:41) ~[na:na]
	at org.eclipse.wst.ws.internal.wsfinder.WebServiceFinder.getWebServicesByCategoryId(WebServiceFinder.java:178) ~[na:na]
	at org.eclipse.wst.ws.internal.wsfinder.WebServiceFinder.getWebServicesByCategoryId(WebServiceFinder.java:146) ~[na:na]
	at org.eclipse.wst.ws.internal.wsfinder.WebServiceFinder.getWebServicesByCategory(WebServiceFinder.java:113) ~[na:na]
	at org.apache.jsp.wsdl_005fcontent_jsp._jspService(org.apache.jsp.wsdl_005fcontent_jsp:254) ~[na:na]
	at org.apache.jasper.runtime.HttpJspBase.service(HttpJspBase.java:111) ~[na:na]
	at javax.servlet.http.HttpServlet.service(HttpServlet.java:790) ~[javax.servlet_3.1.0.v201410161800.jar:3.1.0]
	at org.apache.jasper.servlet.JspServletWrapper.service(JspServletWrapper.java:403) ~[na:na]
	... 34 common frames omitted
2016-10-07 12:43:49,755 [Framework stop] INFO  o.e.jetty.server.AbstractConnector - Stopped ServerConnector@6d1f1ebe{HTTP/1.1,[http/1.1]}{0.0.0.0:0}
2016-10-07 12:43:49,789 [Framework stop] INFO  o.e.j.server.handler.ContextHandler - Stopped o.e.j.s.ServletContextHandler@2a3e95ed{/wse,null,UNAVAILABLE}
2016-10-07 13:20:22,631 [main] INFO  org.eclipse.jetty.util.log - Logging initialized @254161ms
2016-10-07 13:20:22,721 [main] INFO  org.eclipse.jetty.server.Server - jetty-9.3.9.v20160517
2016-10-07 13:20:22,762 [main] INFO  o.e.j.server.handler.ContextHandler - Started o.e.j.s.ServletContextHandler@52d6e08c{/wse,null,AVAILABLE}
2016-10-07 13:20:22,776 [main] INFO  o.e.jetty.server.AbstractConnector - Started ServerConnector@1c1482b1{HTTP/1.1,[http/1.1]}{0.0.0.0:2242}
2016-10-07 13:20:22,776 [main] INFO  org.eclipse.jetty.server.Server - Started @254309ms
2016-10-07 13:20:39,763 [qtp1104186257-226] WARN  o.e.jetty.servlet.ServletHandler - 
org.apache.jasper.JasperException: java.lang.NullPointerException
	at org.apache.jasper.servlet.JspServletWrapper.service(JspServletWrapper.java:432) ~[na:na]
	at org.apache.jasper.servlet.JspServlet.serviceJspFile(JspServlet.java:492) ~[na:na]
	at org.apache.jasper.servlet.JspServlet.service(JspServlet.java:378) ~[na:na]
	at javax.servlet.http.HttpServlet.service(HttpServlet.java:790) ~[javax.servlet_3.1.0.v201410161800.jar:3.1.0]
	at org.eclipse.equinox.jsp.jasper.JspServlet.service(JspServlet.java:155) ~[na:na]
	at javax.servlet.http.HttpServlet.service(HttpServlet.java:790) ~[javax.servlet_3.1.0.v201410161800.jar:3.1.0]
	at org.eclipse.equinox.http.registry.internal.ServletManager$ServletWrapper.service(ServletManager.java:180) ~[na:na]
	at org.eclipse.equinox.http.servlet.internal.HttpServiceRuntimeImpl$LegacyServlet.service(HttpServiceRuntimeImpl.java:1221) ~[na:na]
	at org.eclipse.equinox.http.servlet.internal.registration.EndpointRegistration.service(EndpointRegistration.java:153) ~[na:na]
	at org.eclipse.equinox.http.servlet.internal.servlet.ResponseStateHandler.processRequest(ResponseStateHandler.java:62) ~[na:na]
	at org.eclipse.equinox.http.servlet.internal.context.DispatchTargets.doDispatch(DispatchTargets.java:132) ~[na:na]
	at org.eclipse.equinox.http.servlet.internal.servlet.ProxyServlet.service(ProxyServlet.java:100) ~[na:na]
	at javax.servlet.http.HttpServlet.service(HttpServlet.java:790) ~[javax.servlet_3.1.0.v201410161800.jar:3.1.0]
	at org.eclipse.equinox.http.jetty.internal.HttpServerManager$InternalHttpServiceServlet.service(HttpServerManager.java:310) ~[org.eclipse.equinox.http.jetty_3.3.0.v20160324-1850.jar:na]
	at org.eclipse.jetty.servlet.ServletHolder.handle(ServletHolder.java:845) ~[org.eclipse.jetty.servlet_9.3.9.v20160517.jar:9.3.9.v20160517]
	at org.eclipse.jetty.servlet.ServletHandler.doHandle(ServletHandler.java:583) [org.eclipse.jetty.servlet_9.3.9.v20160517.jar:9.3.9.v20160517]
	at org.eclipse.jetty.server.session.SessionHandler.doHandle(SessionHandler.java:224) [org.eclipse.jetty.server_9.3.9.v20160517.jar:9.3.9.v20160517]
	at org.eclipse.jetty.server.handler.ContextHandler.doHandle(ContextHandler.java:1174) [org.eclipse.jetty.server_9.3.9.v20160517.jar:9.3.9.v20160517]
	at org.eclipse.jetty.servlet.ServletHandler.doScope(ServletHandler.java:511) [org.eclipse.jetty.servlet_9.3.9.v20160517.jar:9.3.9.v20160517]
	at org.eclipse.jetty.server.session.SessionHandler.doScope(SessionHandler.java:185) [org.eclipse.jetty.server_9.3.9.v20160517.jar:9.3.9.v20160517]
	at org.eclipse.jetty.server.handler.ContextHandler.doScope(ContextHandler.java:1106) [org.eclipse.jetty.server_9.3.9.v20160517.jar:9.3.9.v20160517]
	at org.eclipse.jetty.server.handler.ScopedHandler.handle(ScopedHandler.java:141) [org.eclipse.jetty.server_9.3.9.v20160517.jar:9.3.9.v20160517]
	at org.eclipse.jetty.server.handler.HandlerWrapper.handle(HandlerWrapper.java:134) [org.eclipse.jetty.server_9.3.9.v20160517.jar:9.3.9.v20160517]
	at org.eclipse.jetty.server.Server.handle(Server.java:524) [org.eclipse.jetty.server_9.3.9.v20160517.jar:9.3.9.v20160517]
	at org.eclipse.jetty.server.HttpChannel.handle(HttpChannel.java:319) [org.eclipse.jetty.server_9.3.9.v20160517.jar:9.3.9.v20160517]
	at org.eclipse.jetty.server.HttpConnection.onFillable(HttpConnection.java:253) [org.eclipse.jetty.server_9.3.9.v20160517.jar:9.3.9.v20160517]
	at org.eclipse.jetty.io.AbstractConnection$ReadCallback.succeeded(AbstractConnection.java:273) [org.eclipse.jetty.io_9.3.9.v20160517.jar:9.3.9.v20160517]
	at org.eclipse.jetty.io.FillInterest.fillable(FillInterest.java:95) [org.eclipse.jetty.io_9.3.9.v20160517.jar:9.3.9.v20160517]
	at org.eclipse.jetty.io.SelectChannelEndPoint$2.run(SelectChannelEndPoint.java:93) [org.eclipse.jetty.io_9.3.9.v20160517.jar:9.3.9.v20160517]
	at org.eclipse.jetty.util.thread.strategy.ExecuteProduceConsume.executeProduceConsume(ExecuteProduceConsume.java:303) [org.eclipse.jetty.util_9.3.9.v20160517.jar:9.3.9.v20160517]
	at org.eclipse.jetty.util.thread.strategy.ExecuteProduceConsume.produceConsume(ExecuteProduceConsume.java:148) [org.eclipse.jetty.util_9.3.9.v20160517.jar:9.3.9.v20160517]
	at org.eclipse.jetty.util.thread.strategy.ExecuteProduceConsume.run(ExecuteProduceConsume.java:136) [org.eclipse.jetty.util_9.3.9.v20160517.jar:9.3.9.v20160517]
	at org.eclipse.jetty.util.thread.QueuedThreadPool.runJob(QueuedThreadPool.java:671) [org.eclipse.jetty.util_9.3.9.v20160517.jar:9.3.9.v20160517]
	at org.eclipse.jetty.util.thread.QueuedThreadPool$2.run(QueuedThreadPool.java:589) [org.eclipse.jetty.util_9.3.9.v20160517.jar:9.3.9.v20160517]
	at java.lang.Thread.run(Unknown Source) [na:1.8.0_101]
Caused by: java.lang.NullPointerException: null
	at java.util.ArrayList.addAll(Unknown Source) ~[na:1.8.0_101]
	at org.eclipse.jst.ws.internal.cxf.consumption.core.locator.CXFWebServiceLocator.getWebServices(CXFWebServiceLocator.java:50) ~[na:na]
	at org.eclipse.jst.ws.internal.cxf.consumption.core.locator.CXFWebServiceLocator.getWebServices(CXFWebServiceLocator.java:41) ~[na:na]
	at org.eclipse.wst.ws.internal.wsfinder.WebServiceFinder.getWebServicesByCategoryId(WebServiceFinder.java:178) ~[na:na]
	at org.eclipse.wst.ws.internal.wsfinder.WebServiceFinder.getWebServicesByCategoryId(WebServiceFinder.java:146) ~[na:na]
	at org.eclipse.wst.ws.internal.wsfinder.WebServiceFinder.getWebServicesByCategory(WebServiceFinder.java:113) ~[na:na]
	at org.apache.jsp.wsdl_005fcontent_jsp._jspService(org.apache.jsp.wsdl_005fcontent_jsp:254) ~[na:na]
	at org.apache.jasper.runtime.HttpJspBase.service(HttpJspBase.java:111) ~[na:na]
	at javax.servlet.http.HttpServlet.service(HttpServlet.java:790) ~[javax.servlet_3.1.0.v201410161800.jar:3.1.0]
	at org.apache.jasper.servlet.JspServletWrapper.service(JspServletWrapper.java:403) ~[na:na]
	... 34 common frames omitted
